c:\users\intel\documents\courses\swe\project\lemon-1.3.1\build\lemon\lemon.dir\debug\vc120.pdb
c:\users\intel\documents\courses\swe\project\lemon-1.3.1\build\lemon\lemon.dir\debug\glpk.obj
c:\users\intel\documents\courses\swe\project\lemon-1.3.1\build\lemon\lemon.dir\debug\windows.obj
c:\users\intel\documents\courses\swe\project\lemon-1.3.1\build\lemon\lemon.dir\debug\random.obj
c:\users\intel\documents\courses\swe\project\lemon-1.3.1\build\lemon\lemon.dir\debug\lp_skeleton.obj
c:\users\intel\documents\courses\swe\project\lemon-1.3.1\build\lemon\lemon.dir\debug\lp_base.obj
c:\users\intel\documents\courses\swe\project\lemon-1.3.1\build\lemon\lemon.dir\debug\color.obj
c:\users\intel\documents\courses\swe\project\lemon-1.3.1\build\lemon\lemon.dir\debug\base.obj
c:\users\intel\documents\courses\swe\project\lemon-1.3.1\build\lemon\lemon.dir\debug\arg_parser.obj
c:\users\intel\documents\courses\swe\project\lemon-1.3.1\build\lemon\cmakefiles\generate.stamp
c:\users\intel\documents\courses\swe\project\lemon-1.3.1\build\lemon\debug\lemon.lib
c:\users\intel\documents\courses\swe\project\lemon-1.3.1\build\lemon\lemon.dir\debug\lemon.tlog\cl.command.1.tlog
c:\users\intel\documents\courses\swe\project\lemon-1.3.1\build\lemon\lemon.dir\debug\lemon.tlog\cl.read.1.tlog
c:\users\intel\documents\courses\swe\project\lemon-1.3.1\build\lemon\lemon.dir\debug\lemon.tlog\cl.write.1.tlog
c:\users\intel\documents\courses\swe\project\lemon-1.3.1\build\lemon\lemon.dir\debug\lemon.tlog\custombuild.command.1.tlog
c:\users\intel\documents\courses\swe\project\lemon-1.3.1\build\lemon\lemon.dir\debug\lemon.tlog\custombuild.read.1.tlog
c:\users\intel\documents\courses\swe\project\lemon-1.3.1\build\lemon\lemon.dir\debug\lemon.tlog\custombuild.write.1.tlog
c:\users\intel\documents\courses\swe\project\lemon-1.3.1\build\lemon\lemon.dir\debug\lemon.tlog\lib-link.read.1.tlog
c:\users\intel\documents\courses\swe\project\lemon-1.3.1\build\lemon\lemon.dir\debug\lemon.tlog\lib-link.write.1.tlog
c:\users\intel\documents\courses\swe\project\lemon-1.3.1\build\lemon\lemon.dir\debug\lemon.tlog\lib.command.1.tlog
